{"contracts\\DigitalArt.sol":{"l":{"27":14,"29":14,"30":14,"31":14,"33":14,"42":9,"47":9,"48":9,"55":1,"56":1,"57":1,"65":4,"72":6,"73":4,"74":4,"81":2},"path":"D:\\School\\2010\\DigitalArt\\contracts\\DigitalArt.sol","s":{"1":14,"2":14,"3":14,"4":14,"5":14,"6":9,"7":9,"8":9,"9":1,"10":1,"11":1,"12":4,"13":6,"14":4,"15":4,"16":2},"b":{"1":[14,0],"2":[9,0],"3":[1,0],"4":[4,2],"5":[4,0]},"f":{"1":14,"2":9,"3":1,"4":4,"5":6,"6":2},"fnMap":{"1":{"name":"constructor","line":26,"loc":{"start":{"line":26,"column":4},"end":{"line":34,"column":4}}},"2":{"name":"updateStatus","line":40,"loc":{"start":{"line":40,"column":1},"end":{"line":49,"column":1}}},"3":{"name":"withdrawFunds","line":54,"loc":{"start":{"line":54,"column":4},"end":{"line":58,"column":4}}},"4":{"name":"getStatus","line":64,"loc":{"start":{"line":64,"column":4},"end":{"line":66,"column":4}}},"5":{"name":"gratuity","line":71,"loc":{"start":{"line":71,"column":4},"end":{"line":75,"column":4}}},"6":{"name":"getBalance","line":80,"loc":{"start":{"line":80,"column":4},"end":{"line":82,"column":4}}}},"statementMap":{"1":{"start":{"line":27,"column":8},"end":{"line":27,"column":80}},"2":{"start":{"line":29,"column":8},"end":{"line":29,"column":39}},"3":{"start":{"line":30,"column":2},"end":{"line":30,"column":17}},"4":{"start":{"line":31,"column":2},"end":{"line":31,"column":46}},"5":{"start":{"line":33,"column":8},"end":{"line":33,"column":56}},"6":{"start":{"line":42,"column":8},"end":{"line":42,"column":1172}},"7":{"start":{"line":47,"column":2},"end":{"line":47,"column":46}},"8":{"start":{"line":48,"column":2},"end":{"line":48,"column":17}},"9":{"start":{"line":55,"column":8},"end":{"line":55,"column":43}},"10":{"start":{"line":56,"column":8},"end":{"line":56,"column":57}},"11":{"start":{"line":57,"column":8},"end":{"line":57,"column":51}},"12":{"start":{"line":65,"column":8},"end":{"line":65,"column":21}},"13":{"start":{"line":72,"column":8},"end":{"line":72,"column":56}},"14":{"start":{"line":73,"column":8},"end":{"line":73,"column":68}},"15":{"start":{"line":74,"column":8},"end":{"line":74,"column":46}},"16":{"start":{"line":81,"column":6},"end":{"line":81,"column":34}}},"branchMap":{"1":{"line":27,"type":"if","locations":[{"start":{"line":27,"column":8},"end":{"line":27,"column":8}},{"start":{"line":27,"column":8},"end":{"line":27,"column":8}}]},"2":{"line":42,"type":"if","locations":[{"start":{"line":42,"column":8},"end":{"line":42,"column":8}},{"start":{"line":42,"column":8},"end":{"line":42,"column":8}}]},"3":{"line":57,"type":"if","locations":[{"start":{"line":57,"column":8},"end":{"line":57,"column":8}},{"start":{"line":57,"column":8},"end":{"line":57,"column":8}}]},"4":{"line":72,"type":"if","locations":[{"start":{"line":72,"column":8},"end":{"line":72,"column":8}},{"start":{"line":72,"column":8},"end":{"line":72,"column":8}}]},"5":{"line":73,"type":"if","locations":[{"start":{"line":73,"column":8},"end":{"line":73,"column":8}},{"start":{"line":73,"column":8},"end":{"line":73,"column":8}}]}}},"contracts\\Ownable.sol":{"l":{"22":28,"29":17,"36":26,"37":24,"45":26,"52":13,"53":13,"54":13},"path":"D:\\School\\2010\\DigitalArt\\contracts\\Ownable.sol","s":{"1":28,"2":17,"3":26,"4":26,"5":13,"6":13,"7":13},"b":{"1":[24,2],"2":[13,0]},"f":{"1":28,"2":17,"3":26,"4":26,"5":13},"fnMap":{"1":{"name":"owner","line":21,"loc":{"start":{"line":21,"column":4},"end":{"line":23,"column":4}}},"2":{"name":"constructor","line":28,"loc":{"start":{"line":28,"column":4},"end":{"line":30,"column":4}}},"3":{"name":"onlyOwner","line":35,"loc":{"start":{"line":35,"column":4},"end":{"line":38,"column":4}}},"4":{"name":"isOwner","line":44,"loc":{"start":{"line":44,"column":4},"end":{"line":46,"column":4}}},"5":{"name":"transferOwnership","line":51,"loc":{"start":{"line":51,"column":4},"end":{"line":55,"column":4}}}},"statementMap":{"1":{"start":{"line":22,"column":8},"end":{"line":22,"column":21}},"2":{"start":{"line":29,"column":8},"end":{"line":29,"column":26}},"3":{"start":{"line":36,"column":8},"end":{"line":36,"column":61}},"4":{"start":{"line":45,"column":8},"end":{"line":45,"column":37}},"5":{"start":{"line":52,"column":8},"end":{"line":52,"column":80}},"6":{"start":{"line":53,"column":8},"end":{"line":53,"column":51}},"7":{"start":{"line":54,"column":8},"end":{"line":54,"column":24}}},"branchMap":{"1":{"line":36,"type":"if","locations":[{"start":{"line":36,"column":8},"end":{"line":36,"column":8}},{"start":{"line":36,"column":8},"end":{"line":36,"column":8}}]},"2":{"line":52,"type":"if","locations":[{"start":{"line":52,"column":8},"end":{"line":52,"column":8}},{"start":{"line":52,"column":8},"end":{"line":52,"column":8}}]}}},"contracts\\RecordLabel.sol":{"l":{"29":14,"30":14,"31":14,"32":13,"34":11,"35":11,"36":11,"37":11,"39":11,"46":2,"47":1,"54":8,"55":8,"62":1,"63":1,"70":4,"71":4,"78":1,"79":1,"80":1,"81":1,"88":5},"path":"D:\\School\\2010\\DigitalArt\\contracts\\RecordLabel.sol","s":{"1":14,"2":14,"3":14,"4":13,"5":11,"6":11,"7":11,"8":11,"9":11,"10":2,"11":1,"12":8,"13":8,"14":1,"15":1,"16":4,"17":4,"18":1,"19":1,"20":1,"21":5},"b":{"1":[14,0],"2":[14,0],"3":[13,1],"4":[11,2],"5":[1,1],"6":[8,0],"7":[1,0],"8":[4,0],"9":[1,0]},"f":{"1":14,"2":2,"3":8,"4":1,"5":4,"6":1,"7":5},"fnMap":{"1":{"name":"createDigitalArt","line":28,"loc":{"start":{"line":28,"column":4},"end":{"line":40,"column":4}}},"2":{"name":"searchDigitalArt","line":45,"loc":{"start":{"line":45,"column":4},"end":{"line":48,"column":5}}},"3":{"name":"publishDigitalArt","line":53,"loc":{"start":{"line":53,"column":4},"end":{"line":56,"column":4}}},"4":{"name":"cancelDigitalArt","line":61,"loc":{"start":{"line":61,"column":4},"end":{"line":64,"column":4}}},"5":{"name":"getStatusOfDigitalArt","line":69,"loc":{"start":{"line":69,"column":4},"end":{"line":72,"column":4}}},"6":{"name":"withdrawAllFunds","line":77,"loc":{"start":{"line":77,"column":4},"end":{"line":82,"column":4}}},"7":{"name":"getBalance","line":87,"loc":{"start":{"line":87,"column":3},"end":{"line":89,"column":4}}}},"statementMap":{"1":{"start":{"line":29,"column":6},"end":{"line":29,"column":90}},"2":{"start":{"line":30,"column":6},"end":{"line":30,"column":71}},"3":{"start":{"line":31,"column":6},"end":{"line":31,"column":72}},"4":{"start":{"line":32,"column":6},"end":{"line":32,"column":98}},"5":{"start":{"line":34,"column":6},"end":{"line":34,"column":72}},"6":{"start":{"line":35,"column":6},"end":{"line":35,"column":46}},"7":{"start":{"line":36,"column":6},"end":{"line":36,"column":50}},"8":{"start":{"line":37,"column":6},"end":{"line":37,"column":39}},"9":{"start":{"line":39,"column":6},"end":{"line":39,"column":53}},"10":{"start":{"line":46,"column":4},"end":{"line":46,"column":70}},"11":{"start":{"line":47,"column":6},"end":{"line":47,"column":44}},"12":{"start":{"line":54,"column":4},"end":{"line":54,"column":82}},"13":{"start":{"line":55,"column":4},"end":{"line":55,"column":75}},"14":{"start":{"line":62,"column":5},"end":{"line":62,"column":82}},"15":{"start":{"line":63,"column":4},"end":{"line":63,"column":75}},"16":{"start":{"line":70,"column":4},"end":{"line":70,"column":81}},"17":{"start":{"line":71,"column":6},"end":{"line":71,"column":62}},"18":{"start":{"line":78,"column":4},"end":{"line":78,"column":55}},"19":{"start":{"line":79,"column":6},"end":{"line":79,"column":94}},"20":{"start":{"line":81,"column":6},"end":{"line":81,"column":68}},"21":{"start":{"line":88,"column":6},"end":{"line":88,"column":34}}},"branchMap":{"1":{"line":29,"type":"if","locations":[{"start":{"line":29,"column":6},"end":{"line":29,"column":6}},{"start":{"line":29,"column":6},"end":{"line":29,"column":6}}]},"2":{"line":30,"type":"if","locations":[{"start":{"line":30,"column":6},"end":{"line":30,"column":6}},{"start":{"line":30,"column":6},"end":{"line":30,"column":6}}]},"3":{"line":31,"type":"if","locations":[{"start":{"line":31,"column":6},"end":{"line":31,"column":6}},{"start":{"line":31,"column":6},"end":{"line":31,"column":6}}]},"4":{"line":32,"type":"if","locations":[{"start":{"line":32,"column":6},"end":{"line":32,"column":6}},{"start":{"line":32,"column":6},"end":{"line":32,"column":6}}]},"5":{"line":46,"type":"if","locations":[{"start":{"line":46,"column":4},"end":{"line":46,"column":4}},{"start":{"line":46,"column":4},"end":{"line":46,"column":4}}]},"6":{"line":54,"type":"if","locations":[{"start":{"line":54,"column":4},"end":{"line":54,"column":4}},{"start":{"line":54,"column":4},"end":{"line":54,"column":4}}]},"7":{"line":62,"type":"if","locations":[{"start":{"line":62,"column":5},"end":{"line":62,"column":5}},{"start":{"line":62,"column":5},"end":{"line":62,"column":5}}]},"8":{"line":70,"type":"if","locations":[{"start":{"line":70,"column":4},"end":{"line":70,"column":4}},{"start":{"line":70,"column":4},"end":{"line":70,"column":4}}]},"9":{"line":81,"type":"if","locations":[{"start":{"line":81,"column":6},"end":{"line":81,"column":6}},{"start":{"line":81,"column":6},"end":{"line":81,"column":6}}]}}}}